
> seed@1.0.0 dev C:\Users\ACER\Documents\PROGRAMMING\seed
> pnpm -r --parallel dev

Scope: 5 of 6 workspace projects
server dev$ tsx watch index.ts
web dev$ next dev
server dev: [dotenv@17.3.1] injecting env (0) from .env -- tip: ⚙️  write to custom object with { processEnv: myObject }
web dev: ▲ Next.js 16.1.0 (Turbopack)
web dev: - Local:         http://localhost:3000
web dev: - Network:       http://172.28.48.232:3000
web dev: - Environments: .env
web dev: ✓ Starting...
server dev: [dotenv@17.3.1] injecting env (0) from .env -- tip: 🤖 agentic secret storage: https://dotenvx.com/as2
server dev: [dotenv@17.3.1] injecting env (0) from .env -- tip: ⚡️ secrets for agents: https://dotenvx.com/as2
server dev: 🔍 Validating environment variables...
server dev: ✅ Environment validation passed!
server dev: Listening on port 8080
web dev: ✓ Ready in 1101ms
web dev:  GET / 200 in 1834ms (compile: 764ms, proxy.ts: 229ms, render: 840ms)
web dev:  GET /login?redirect=%2F 200 in 280ms (compile: 208ms, proxy.ts: 13ms, render: 58ms)
web dev:  GET /auth/callback?iss=https%3A%2F%2Faccounts.google.com&code=4%2F0Aci98E_XMTqxPn-jrRQw6NZMUfGie3uZ-ApgTjhu5YaiBFomylkI1mwK21xgVYZdgW1QwQ&scope=email+profile+https%3A%2F%2Fwww.googleapis.com%2Fauth%2Fuserinfo.profile+https%3A%2F%2Fwww.googleapis.com%2Fauth%2Fuserinfo.email+openid&authuser=0&prompt=consent 200 in 170ms (compile: 48ms, proxy.ts: 16ms, render: 106ms)
web dev:  GET / 200 in 152ms (compile: 8ms, proxy.ts: 22ms, render: 122ms)
web dev:  GET /dashboard 200 in 117ms (compile: 53ms, proxy.ts: 21ms, render: 43ms)
web dev:  GET /login?redirect=%2Fdashboard 200 in 65ms (compile: 5ms, proxy.ts: 12ms, render: 48ms)
web dev:  GET /dashboard 200 in 57ms (compile: 8ms, proxy.ts: 8ms, render: 40ms)
web dev:  GET /login?redirect=%2Fdashboard 200 in 43ms (compile: 3ms, proxy.ts: 19ms, render: 21ms)
web dev:  GET / 200 in 148ms (compile: 7ms, proxy.ts: 22ms, render: 119ms)
server dev: Failed
